# JRE version: OpenJDK Runtime Environment (19.0.2+7) (build 19.0.2+7-44)
# Java VM: OpenJDK 64-Bit Server VM (19.0.2+7-44, mixed mode, sharing, tiered, compressed oops, compressed class ptrs, g1 gc, bsd-amd64)
GC Precious Log:
 CardTable entry size: 512
 Card Set container configuration: InlinePtr #cards 5 size 8 Array Of Cards #cards 12 size 40 Howl #buckets 4 coarsen threshold 1843 Howl Bitmap #cards 512 size 80 coarsen threshold 460 Card regions per heap region 1 cards per card region 2048
 CPUs: 4 total, 4 available
 Memory: 8192M
 Large Page Support: Disabled
 NUMA Support: Disabled
 Compressed Oops: Enabled (Zero based)
 Heap Region Size: 1M
 Heap Min Capacity: 8M
 Heap Initial Capacity: 128M
 Heap Max Capacity: 2G
 Pre-touch: Disabled
 Parallel Workers: 4
 Concurrent Workers: 1
 Concurrent Refinement Workers: 4
 Periodic GC: Disabled
Heap:
 garbage-first heap   total 66560K, used 36315K [0x0000000780000000, 0x0000000800000000)
  region size 1024K, 7 young (7168K), 1 survivors (1024K)
 Metaspace       used 68700K, committed 69312K, reserved 1114112K
  class space    used 8989K, committed 9280K, reserved 1048576K
GC Heap History (20 events):
Event: 35461.260 GC heap before
{Heap before GC invocations=51 (full 0):
 garbage-first heap   total 66560K, used 54717K [0x0000000780000000, 0x0000000800000000)
  region size 1024K, 24 young (24576K), 1 survivors (1024K)
 Metaspace       used 68472K, committed 69120K, reserved 1114112K
  class space    used 8977K, committed 9280K, reserved 1048576K
}
Event: 35461.272 GC heap after
{Heap after GC invocations=52 (full 0):
 garbage-first heap   total 66560K, used 30906K [0x0000000780000000, 0x0000000800000000)
  region size 1024K, 1 young (1024K), 1 survivors (1024K)
 Metaspace       used 68472K, committed 69120K, reserved 1114112K
  class space    used 8977K, committed 9280K, reserved 1048576K
}
Event: 36340.944 GC heap before
{Heap before GC invocations=52 (full 0):
 garbage-first heap   total 66560K, used 54458K [0x0000000780000000, 0x0000000800000000)
  region size 1024K, 25 young (25600K), 1 survivors (1024K)
 Metaspace       used 68595K, committed 69248K, reserved 1114112K
  class space    used 8977K, committed 9280K, reserved 1048576K
}
Event: 36340.962 GC heap after
{Heap after GC invocations=53 (full 0):
 garbage-first heap   total 66560K, used 31378K [0x0000000780000000, 0x0000000800000000)
  region size 1024K, 2 young (2048K), 2 survivors (2048K)
 Metaspace       used 68595K, committed 69248K, reserved 1114112K
  class space    used 8977K, committed 9280K, reserved 1048576K
}
Event: 37491.650 GC heap before
{Heap before GC invocations=53 (full 0):
 garbage-first heap   total 66560K, used 53906K [0x0000000780000000, 0x0000000800000000)
  region size 1024K, 24 young (24576K), 2 survivors (2048K)
 Metaspace       used 68595K, committed 69248K, reserved 1114112K
  class space    used 8977K, committed 9280K, reserved 1048576K
}
Event: 37491.666 GC heap after
{Heap after GC invocations=54 (full 0):
 garbage-first heap   total 66560K, used 30831K [0x0000000780000000, 0x0000000800000000)
  region size 1024K, 1 young (1024K), 1 survivors (1024K)
 Metaspace       used 68595K, committed 69248K, reserved 1114112K
  class space    used 8977K, committed 9280K, reserved 1048576K
}
Event: 38546.533 GC heap before
{Heap before GC invocations=54 (full 0):
 garbage-first heap   total 66560K, used 55407K [0x0000000780000000, 0x0000000800000000)
  region size 1024K, 25 young (25600K), 1 survivors (1024K)
 Metaspace       used 68605K, committed 69248K, reserved 1114112K
  class space    used 8977K, committed 9280K, reserved 1048576K
}
Event: 38546.540 GC heap after
{Heap after GC invocations=55 (full 0):
 garbage-first heap   total 66560K, used 31154K [0x0000000780000000, 0x0000000800000000)
  region size 1024K, 1 young (1024K), 1 survivors (1024K)
 Metaspace       used 68605K, committed 69248K, reserved 1114112K
  class space    used 8977K, committed 9280K, reserved 1048576K
}
Event: 39700.405 GC heap before
{Heap before GC invocations=55 (full 0):
 garbage-first heap   total 66560K, used 55730K [0x0000000780000000, 0x0000000800000000)
  region size 1024K, 25 young (25600K), 1 survivors (1024K)
 Metaspace       used 68607K, committed 69248K, reserved 1114112K
  class space    used 8977K, committed 9280K, reserved 1048576K
}
Event: 39700.425 GC heap after
{Heap after GC invocations=56 (full 0):
 garbage-first heap   total 66560K, used 31020K [0x0000000780000000, 0x0000000800000000)
  region size 1024K, 1 young (1024K), 1 survivors (1024K)
 Metaspace       used 68607K, committed 69248K, reserved 1114112K
  class space    used 8977K, committed 9280K, reserved 1048576K
}
Event: 40842.597 GC heap before
{Heap before GC invocations=56 (full 0):
 garbage-first heap   total 66560K, used 55596K [0x0000000780000000, 0x0000000800000000)
  region size 1024K, 25 young (25600K), 1 survivors (1024K)
 Metaspace       used 68610K, committed 69248K, reserved 1114112K
  class space    used 8977K, committed 9280K, reserved 1048576K
}
Event: 40842.600 GC heap after
{Heap after GC invocations=57 (full 0):
 garbage-first heap   total 66560K, used 31011K [0x0000000780000000, 0x0000000800000000)
  region size 1024K, 1 young (1024K), 1 survivors (1024K)
 Metaspace       used 68610K, committed 69248K, reserved 1114112K
  class space    used 8977K, committed 9280K, reserved 1048576K
}
Event: 41889.998 GC heap before
{Heap before GC invocations=57 (full 0):
 garbage-first heap   total 66560K, used 55587K [0x0000000780000000, 0x0000000800000000)
  region size 1024K, 25 young (25600K), 1 survivors (1024K)
 Metaspace       used 68613K, committed 69248K, reserved 1114112K
  class space    used 8977K, committed 9280K, reserved 1048576K
}
Event: 41890.005 GC heap after
{Heap after GC invocations=58 (full 0):
 garbage-first heap   total 66560K, used 31182K [0x0000000780000000, 0x0000000800000000)
  region size 1024K, 1 young (1024K), 1 survivors (1024K)
 Metaspace       used 68613K, committed 69248K, reserved 1114112K
  class space    used 8977K, committed 9280K, reserved 1048576K
}
Event: 43145.611 GC heap before
{Heap before GC invocations=58 (full 0):
 garbage-first heap   total 66560K, used 55758K [0x0000000780000000, 0x0000000800000000)
  region size 1024K, 25 young (25600K), 1 survivors (1024K)
 Metaspace       used 68613K, committed 69248K, reserved 1114112K
  class space    used 8977K, committed 9280K, reserved 1048576K
}
Event: 43145.624 GC heap after
{Heap after GC invocations=59 (full 0):
 garbage-first heap   total 66560K, used 30855K [0x0000000780000000, 0x0000000800000000)
  region size 1024K, 1 young (1024K), 1 survivors (1024K)
 Metaspace       used 68613K, committed 69248K, reserved 1114112K
  class space    used 8977K, committed 9280K, reserved 1048576K
}
Event: 44211.942 GC heap before
{Heap before GC invocations=59 (full 0):
 garbage-first heap   total 66560K, used 55431K [0x0000000780000000, 0x0000000800000000)
  region size 1024K, 25 young (25600K), 1 survivors (1024K)
 Metaspace       used 68622K, committed 69248K, reserved 1114112K
  class space    used 8977K, committed 9280K, reserved 1048576K
}
Event: 44211.989 GC heap after
{Heap after GC invocations=60 (full 0):
 garbage-first heap   total 66560K, used 31152K [0x0000000780000000, 0x0000000800000000)
  region size 1024K, 1 young (1024K), 1 survivors (1024K)
 Metaspace       used 68622K, committed 69248K, reserved 1114112K
  class space    used 8977K, committed 9280K, reserved 1048576K
}
Event: 45283.625 GC heap before
{Heap before GC invocations=60 (full 0):
 garbage-first heap   total 66560K, used 55728K [0x0000000780000000, 0x0000000800000000)
  region size 1024K, 25 young (25600K), 1 survivors (1024K)
 Metaspace       used 68642K, committed 69248K, reserved 1114112K
  class space    used 8977K, committed 9280K, reserved 1048576K
}
Event: 45283.702 GC heap after
{Heap after GC invocations=61 (full 0):
 garbage-first heap   total 66560K, used 31195K [0x0000000780000000, 0x0000000800000000)
  region size 1024K, 1 young (1024K), 1 survivors (1024K)
 Metaspace       used 68642K, committed 69248K, reserved 1114112K
  class space    used 8977K, committed 9280K, reserved 1048576K
}

